<?xml version="1.0" encoding="UTF-8"?>
<!-- Generated by org.testng.reporters.JUnitReportReporter -->
<testsuite hostname="DESKTOP-RIM4UTU" failures="0" tests="1" name="zeissHunting.WebPortal.ValidateTitle" time="0.188" errors="0" timestamp="2022-02-01T00:00:12 MEZ" skipped="0">
  <testcase classname="zeissHunting.WebPortal.ValidateTitle" name="homePageValidation" time="0.188"/>
  <system-out/>
</testsuite> <!-- zeissHunting.WebPortal.ValidateTitle -->
