<?xml version="1.0" encoding="UTF-8"?>
<!-- Generated by org.testng.reporters.JUnitReportReporter -->
<testsuite hostname="DESKTOP-RIM4UTU" failures="0" tests="1" name="zeissHunting.WebPortal.LoginWebPortal" time="17.067" errors="0" timestamp="2022-02-01T15:40:06 MEZ" skipped="0">
  <testcase classname="zeissHunting.WebPortal.LoginWebPortal" name="loginHuntingPortal" time="17.067"/>
  <system-out/>
</testsuite> <!-- zeissHunting.WebPortal.LoginWebPortal -->
