<?xml version="1.0" encoding="UTF-8"?>
<!-- Generated by org.testng.reporters.JUnitReportReporter -->
<testsuite hostname="DESKTOP-RIM4UTU" failures="0" tests="1" name="zeissHunting.WebPortal.RegistrationPage" time="25.224" errors="0" timestamp="2022-01-31T21:43:30 MEZ" skipped="0">
  <testcase classname="zeissHunting.WebPortal.RegistrationPage" name="basePageNavigation" time="25.224"/>
  <system-out/>
</testsuite> <!-- zeissHunting.WebPortal.RegistrationPage -->
