<?xml version="1.0" encoding="UTF-8"?>
<!-- Generated by org.testng.reporters.JUnitReportReporter -->
<testsuite hostname="DESKTOP-RIM4UTU" failures="0" tests="1" name="zeissHunting.WebPortal.RegistrationComplete$ZeissIdRegistrationPage" time="31.917" errors="0" timestamp="2022-02-01T12:19:42 MEZ" skipped="0">
  <testcase classname="zeissHunting.WebPortal.RegistrationComplete$ZeissIdRegistrationPage" name="registrationCompleteNavigation" time="31.917"/>
  <system-out/>
</testsuite> <!-- zeissHunting.WebPortal.RegistrationComplete$ZeissIdRegistrationPage -->
