<?xml version="1.0" encoding="UTF-8"?>
<!-- Generated by org.testng.reporters.JUnitReportReporter -->
<testsuite hostname="DESKTOP-RIM4UTU" failures="0" tests="1" name="Academy.E2EProject.Homepage" time="31.957" errors="0" timestamp="2022-01-31T02:49:05 MEZ" skipped="0">
  <testcase classname="Academy.E2EProject.Homepage" name="basePageNavigation" time="31.957"/>
  <system-out/>
</testsuite> <!-- Academy.E2EProject.Homepage -->
