<?xml version="1.0" encoding="UTF-8"?>
<!-- Generated by org.testng.reporters.JUnitReportReporter -->
<testsuite hostname="DESKTOP-RIM4UTU" failures="0" tests="1" name="zeissHunting.WebPortal.Homepage" time="27.369" errors="0" timestamp="2022-01-31T12:25:07 MEZ" skipped="0">
  <testcase classname="zeissHunting.WebPortal.Homepage" name="basePageNavigation" time="27.369"/>
  <system-out/>
</testsuite> <!-- zeissHunting.WebPortal.Homepage -->
