<?xml version="1.0" encoding="UTF-8"?>
<!-- Generated by org.testng.reporters.JUnitReportReporter -->
<testsuite hostname="DESKTOP-RIM4UTU" failures="0" tests="1" name="Academy.E2EProject.ValidateNavBar" time="0.085" errors="0" timestamp="2020-11-19T11:07:53 MEZ" skipped="0">
  <testcase classname="Academy.E2EProject.ValidateNavBar" name="navbarValidation" time="0.085"/>
  <system-out/>
</testsuite> <!-- Academy.E2EProject.ValidateNavBar -->
