<?xml version="1.0" encoding="UTF-8"?>
<!-- Generated by org.testng.reporters.JUnitReportReporter -->
<testsuite hostname="DESKTOP-RIM4UTU" failures="0" tests="1" name="zeissWebPortalOptions.TestRunner" time="25.752" errors="0" timestamp="2022-02-01T02:00:16 MEZ" skipped="0">
  <testcase classname="zeissWebPortalOptions.TestRunner" name="runScenario" time="25.752"/>
  <system-out/>
</testsuite> <!-- zeissWebPortalOptions.TestRunner -->
